<?xml version="1.0" encoding="UTF-8"?>
<testng-results ignored="1" total="2" passed="1" failed="0" skipped="0">
  <reporter-output>
  </reporter-output>
  <suite started-at="2022-09-17T12:46:18 IST" name="Default suite" finished-at="2022-09-17T12:46:18 IST" duration-ms="84">
    <groups>
    </groups>
    <test started-at="2022-09-17T12:46:18 IST" name="Default test" finished-at="2022-09-17T12:46:18 IST" duration-ms="84">
      <class name="practice.Demo">
        <test-method signature="login()[pri:1, instance:practice.Demo@140c9f39]" started-at="2022-09-17T12:46:18 IST" name="login" finished-at="2022-09-17T12:46:18 IST" duration-ms="13" status="PASS">
          <reporter-output>
          </reporter-output>
        </test-method> <!-- login -->
      </class> <!-- practice.Demo -->
    </test> <!-- Default test -->
  </suite> <!-- Default suite -->
</testng-results>
